<?xml version="1.0" encoding="UTF-8"?>
<testsuite xmlns:xsi="http://www.w3.org/2001/XMLSchema-instance" xsi:noNamespaceSchemaLocation="https://maven.apache.org/surefire/maven-surefire-plugin/xsd/surefire-test-report.xsd" name="com.evvanErb.minesweeper.model.board.BoardTest" time="0.035" tests="13" errors="0" skipped="0" failures="0">
  <properties>
    <property name="sun.desktop" value="gnome"/>
    <property name="awt.toolkit" value="sun.awt.X11.XToolkit"/>
    <property name="java.specification.version" value="11"/>
    <property name="sun.cpu.isalist" value=""/>
    <property name="sun.jnu.encoding" value="UTF-8"/>
    <property name="java.class.path" value="/home/evvanerb/Dropbox/CSProjects/Minesweeper/target/test-classes:/home/evvanerb/Dropbox/CSProjects/Minesweeper/target/classes:/home/evvanerb/.m2/repository/junit/junit/4.11/junit-4.11.jar:/home/evvanerb/.m2/repository/org/hamcrest/hamcrest-core/1.3/hamcrest-core-1.3.jar:/home/evvanerb/.m2/repository/org/mockito/mockito-core/4.4.0/mockito-core-4.4.0.jar:/home/evvanerb/.m2/repository/net/bytebuddy/byte-buddy/1.12.8/byte-buddy-1.12.8.jar:/home/evvanerb/.m2/repository/net/bytebuddy/byte-buddy-agent/1.12.8/byte-buddy-agent-1.12.8.jar:/home/evvanerb/.m2/repository/org/objenesis/objenesis/3.2/objenesis-3.2.jar:/home/evvanerb/.m2/repository/org/openjfx/javafx-controls/17.0.1/javafx-controls-17.0.1.jar:/home/evvanerb/.m2/repository/org/openjfx/javafx-controls/17.0.1/javafx-controls-17.0.1-linux.jar:/home/evvanerb/.m2/repository/org/openjfx/javafx-graphics/17.0.1/javafx-graphics-17.0.1.jar:/home/evvanerb/.m2/repository/org/openjfx/javafx-graphics/17.0.1/javafx-graphics-17.0.1-linux.jar:/home/evvanerb/.m2/repository/org/openjfx/javafx-base/17.0.1/javafx-base-17.0.1.jar:/home/evvanerb/.m2/repository/org/openjfx/javafx-base/17.0.1/javafx-base-17.0.1-linux.jar:"/>
    <property name="java.vm.vendor" value="Ubuntu"/>
    <property name="sun.arch.data.model" value="64"/>
    <property name="java.vendor.url" value="https://ubuntu.com/"/>
    <property name="user.timezone" value=""/>
    <property name="java.vm.specification.version" value="11"/>
    <property name="os.name" value="Linux"/>
    <property name="sun.java.launcher" value="SUN_STANDARD"/>
    <property name="user.country" value="US"/>
    <property name="sun.boot.library.path" value="/usr/lib/jvm/java-11-openjdk-amd64/lib"/>
    <property name="sun.java.command" value="/home/evvanerb/Dropbox/CSProjects/Minesweeper/target/surefire/surefirebooter10613485774058498764.jar /home/evvanerb/Dropbox/CSProjects/Minesweeper/target/surefire 2022-04-02T11-31-50_138-jvmRun1 surefire3427810238754701782tmp surefire_04376514040339149494tmp"/>
    <property name="jdk.debug" value="release"/>
    <property name="surefire.test.class.path" value="/home/evvanerb/Dropbox/CSProjects/Minesweeper/target/test-classes:/home/evvanerb/Dropbox/CSProjects/Minesweeper/target/classes:/home/evvanerb/.m2/repository/junit/junit/4.11/junit-4.11.jar:/home/evvanerb/.m2/repository/org/hamcrest/hamcrest-core/1.3/hamcrest-core-1.3.jar:/home/evvanerb/.m2/repository/org/mockito/mockito-core/4.4.0/mockito-core-4.4.0.jar:/home/evvanerb/.m2/repository/net/bytebuddy/byte-buddy/1.12.8/byte-buddy-1.12.8.jar:/home/evvanerb/.m2/repository/net/bytebuddy/byte-buddy-agent/1.12.8/byte-buddy-agent-1.12.8.jar:/home/evvanerb/.m2/repository/org/objenesis/objenesis/3.2/objenesis-3.2.jar:/home/evvanerb/.m2/repository/org/openjfx/javafx-controls/17.0.1/javafx-controls-17.0.1.jar:/home/evvanerb/.m2/repository/org/openjfx/javafx-controls/17.0.1/javafx-controls-17.0.1-linux.jar:/home/evvanerb/.m2/repository/org/openjfx/javafx-graphics/17.0.1/javafx-graphics-17.0.1.jar:/home/evvanerb/.m2/repository/org/openjfx/javafx-graphics/17.0.1/javafx-graphics-17.0.1-linux.jar:/home/evvanerb/.m2/repository/org/openjfx/javafx-base/17.0.1/javafx-base-17.0.1.jar:/home/evvanerb/.m2/repository/org/openjfx/javafx-base/17.0.1/javafx-base-17.0.1-linux.jar:"/>
    <property name="sun.cpu.endian" value="little"/>
    <property name="user.home" value="/home/evvanerb"/>
    <property name="user.language" value="en"/>
    <property name="java.specification.vendor" value="Oracle Corporation"/>
    <property name="java.version.date" value="2022-02-08"/>
    <property name="java.home" value="/usr/lib/jvm/java-11-openjdk-amd64"/>
    <property name="file.separator" value="/"/>
    <property name="basedir" value="/home/evvanerb/Dropbox/CSProjects/Minesweeper"/>
    <property name="java.vm.compressedOopsMode" value="32-bit"/>
    <property name="line.separator" value="&#10;"/>
    <property name="java.specification.name" value="Java Platform API Specification"/>
    <property name="java.vm.specification.vendor" value="Oracle Corporation"/>
    <property name="java.awt.graphicsenv" value="sun.awt.X11GraphicsEnvironment"/>
    <property name="surefire.real.class.path" value="/home/evvanerb/Dropbox/CSProjects/Minesweeper/target/surefire/surefirebooter10613485774058498764.jar"/>
    <property name="sun.management.compiler" value="HotSpot 64-Bit Tiered Compilers"/>
    <property name="java.runtime.version" value="11.0.14.1+1-Ubuntu-0ubuntu1.20.04"/>
    <property name="user.name" value="evvanerb"/>
    <property name="path.separator" value=":"/>
    <property name="os.version" value="5.4.0-105-generic"/>
    <property name="java.runtime.name" value="OpenJDK Runtime Environment"/>
    <property name="file.encoding" value="UTF-8"/>
    <property name="java.vm.name" value="OpenJDK 64-Bit Server VM"/>
    <property name="localRepository" value="/home/evvanerb/.m2/repository"/>
    <property name="java.vendor.url.bug" value="https://bugs.launchpad.net/ubuntu/+source/openjdk-lts"/>
    <property name="java.io.tmpdir" value="/tmp"/>
    <property name="java.version" value="11.0.14.1"/>
    <property name="user.dir" value="/home/evvanerb/Dropbox/CSProjects/Minesweeper"/>
    <property name="os.arch" value="amd64"/>
    <property name="java.vm.specification.name" value="Java Virtual Machine Specification"/>
    <property name="java.awt.printerjob" value="sun.print.PSPrinterJob"/>
    <property name="sun.os.patch.level" value="unknown"/>
    <property name="java.library.path" value="/usr/java/packages/lib:/usr/lib/x86_64-linux-gnu/jni:/lib/x86_64-linux-gnu:/usr/lib/x86_64-linux-gnu:/usr/lib/jni:/lib:/usr/lib"/>
    <property name="java.vm.info" value="mixed mode, sharing"/>
    <property name="java.vendor" value="Ubuntu"/>
    <property name="java.vm.version" value="11.0.14.1+1-Ubuntu-0ubuntu1.20.04"/>
    <property name="sun.io.unicode.encoding" value="UnicodeLittle"/>
    <property name="java.class.version" value="55.0"/>
  </properties>
  <testcase name="testGenerateRandomCoordsNoDupsNull" classname="com.evvanErb.minesweeper.model.board.BoardTest" time="0"/>
  <testcase name="testGenerateMinePositionsSmallSizes" classname="com.evvanErb.minesweeper.model.board.BoardTest" time="0"/>
  <testcase name="testGenerateMinePositions" classname="com.evvanErb.minesweeper.model.board.BoardTest" time="0"/>
  <testcase name="testIsMineNegativeCases" classname="com.evvanErb.minesweeper.model.board.BoardTest" time="0"/>
  <testcase name="testNumAdjacentMinesNull" classname="com.evvanErb.minesweeper.model.board.BoardTest" time="0"/>
  <testcase name="testNumAdjacentMinesZero" classname="com.evvanErb.minesweeper.model.board.BoardTest" time="0"/>
  <testcase name="testGenerateBoard" classname="com.evvanErb.minesweeper.model.board.BoardTest" time="0"/>
  <testcase name="testGenerateBoardSizeOutOfBounds" classname="com.evvanErb.minesweeper.model.board.BoardTest" time="0.032"/>
  <testcase name="testGenerateRandomCoordsNoDupsNotPossible" classname="com.evvanErb.minesweeper.model.board.BoardTest" time="0"/>
  <testcase name="testNumAdjacentMinesNonZero" classname="com.evvanErb.minesweeper.model.board.BoardTest" time="0"/>
  <testcase name="testGenerateRandomCoordsNoDups" classname="com.evvanErb.minesweeper.model.board.BoardTest" time="0"/>
  <testcase name="testIsMine" classname="com.evvanErb.minesweeper.model.board.BoardTest" time="0"/>
  <testcase name="testNumAdjacentMinesBadMine" classname="com.evvanErb.minesweeper.model.board.BoardTest" time="0"/>
</testsuite>